c:\users\nazo_\desktop\concordia lesson\winter 2020\c++ review\review projects\team_visionx_offense project\visionx_simulator_version_2.53_player1g_offense\debug\vc120.pdb
c:\users\nazo_\desktop\concordia lesson\winter 2020\c++ review\review projects\team_visionx_offense project\visionx_simulator_version_2.53_player1g_offense\debug\vision_simulation.obj
c:\users\nazo_\desktop\concordia lesson\winter 2020\c++ review\review projects\team_visionx_offense project\visionx_simulator_version_2.53_player1g_offense\debug\vision.obj
c:\users\nazo_\desktop\concordia lesson\winter 2020\c++ review\review projects\team_visionx_offense project\visionx_simulator_version_2.53_player1g_offense\debug\timer.obj
c:\users\nazo_\desktop\concordia lesson\winter 2020\c++ review\review projects\team_visionx_offense project\visionx_simulator_version_2.53_player1g_offense\debug\shared_memory.obj
c:\users\nazo_\desktop\concordia lesson\winter 2020\c++ review\review projects\team_visionx_offense project\visionx_simulator_version_2.53_player1g_offense\debug\robot.obj
c:\users\nazo_\desktop\concordia lesson\winter 2020\c++ review\review projects\team_visionx_offense project\visionx_simulator_version_2.53_player1g_offense\debug\program.obj
c:\users\user\desktop\school\winter 2020\mech 472\project\offense\team_visionx_offense project\visionx_simulator_version_2.53_player1g_offense\debug\vc120.pdb
c:\users\user\desktop\school\winter 2020\mech 472\project\offense\team_visionx_offense project\visionx_simulator_version_2.53_player1g_offense\debug\vision_simulation.obj
c:\users\user\desktop\school\winter 2020\mech 472\project\offense\team_visionx_offense project\visionx_simulator_version_2.53_player1g_offense\debug\vision.obj
c:\users\user\desktop\school\winter 2020\mech 472\project\offense\team_visionx_offense project\visionx_simulator_version_2.53_player1g_offense\debug\timer.obj
c:\users\user\desktop\school\winter 2020\mech 472\project\offense\team_visionx_offense project\visionx_simulator_version_2.53_player1g_offense\debug\shared_memory.obj
c:\users\user\desktop\school\winter 2020\mech 472\project\offense\team_visionx_offense project\visionx_simulator_version_2.53_player1g_offense\debug\robot.obj
c:\users\user\desktop\school\winter 2020\mech 472\project\offense\team_visionx_offense project\visionx_simulator_version_2.53_player1g_offense\debug\program.obj
c:\users\nazo_\desktop\concordia lesson\winter 2020\c++ review\review projects\team_visionx_offense project\visionx_simulator_version_2.53_player1g_offense\debug\program.ilk
c:\users\nazo_\desktop\concordia lesson\winter 2020\c++ review\review projects\team_visionx_offense project\visionx_simulator_version_2.53_player1g_offense\debug\program.exe
c:\users\nazo_\desktop\concordia lesson\winter 2020\c++ review\review projects\team_visionx_offense project\visionx_simulator_version_2.53_player1g_offense\debug\program.pdb
c:\users\user\desktop\school\winter 2020\mech 472\project\offense\team_visionx_offense project\visionx_simulator_version_2.53_player1g_offense\debug\program.ilk
c:\users\user\desktop\school\winter 2020\mech 472\project\offense\team_visionx_offense project\visionx_simulator_version_2.53_player1g_offense\debug\program.exe
c:\users\user\desktop\school\winter 2020\mech 472\project\offense\team_visionx_offense project\visionx_simulator_version_2.53_player1g_offense\debug\program.pdb
c:\users\nazo_\desktop\concordia lesson\winter 2020\c++ review\review projects\complete project\visionx_player1g_offense\debug\program.obj
c:\users\nazo_\desktop\concordia lesson\winter 2020\c++ review\review projects\complete project\visionx_player1g_offense\debug\robot.obj
c:\users\nazo_\desktop\concordia lesson\winter 2020\c++ review\review projects\complete project\visionx_player1g_offense\debug\shared_memory.obj
c:\users\nazo_\desktop\concordia lesson\winter 2020\c++ review\review projects\complete project\visionx_player1g_offense\debug\timer.obj
c:\users\nazo_\desktop\concordia lesson\winter 2020\c++ review\review projects\complete project\visionx_player1g_offense\debug\vision.obj
c:\users\nazo_\desktop\concordia lesson\winter 2020\c++ review\review projects\complete project\visionx_player1g_offense\debug\vision_simulation.obj
c:\users\nazo_\desktop\concordia lesson\winter 2020\c++ review\review projects\complete project\visionx_player1g_offense\debug\program.ilk
c:\users\nazo_\desktop\concordia lesson\winter 2020\c++ review\review projects\complete project\visionx_player1g_offense\debug\program.pdb
c:\users\nazo_\desktop\concordia lesson\winter 2020\c++ review\review projects\complete project\visionx_player1g_offense\debug\vc120.pdb
c:\users\nazo_\desktop\concordia lesson\winter 2020\c++ review\review projects\complete project\visionx_player1g_offense\.\debug\program.exe
c:\users\nazo_\desktop\concordia lesson\winter 2020\c++ review\review projects\complete project\visionx_player1g_offense\debug\program.tlog\cl.command.1.tlog
c:\users\nazo_\desktop\concordia lesson\winter 2020\c++ review\review projects\complete project\visionx_player1g_offense\debug\program.tlog\cl.read.1.tlog
c:\users\nazo_\desktop\concordia lesson\winter 2020\c++ review\review projects\complete project\visionx_player1g_offense\debug\program.tlog\cl.write.1.tlog
c:\users\nazo_\desktop\concordia lesson\winter 2020\c++ review\review projects\complete project\visionx_player1g_offense\debug\program.tlog\link.command.1.tlog
c:\users\nazo_\desktop\concordia lesson\winter 2020\c++ review\review projects\complete project\visionx_player1g_offense\debug\program.tlog\link.read.1.tlog
c:\users\nazo_\desktop\concordia lesson\winter 2020\c++ review\review projects\complete project\visionx_player1g_offense\debug\program.tlog\link.write.1.tlog
