Build started 5/3/2020 2:25:50 AM.
     1>Project "C:\Users\Nazo_\Desktop\CONCORDIA LESSON\WINTER 2020\C++ Review\Review Projects\COMPLETE PROJECT\VISIONX_player2o_offense\program.vcxproj" on node 2 (Rebuild target(s)).
     1>C:\Program Files (x86)\MSBuild\Microsoft.Cpp\v4.0\V120\Microsoft.CppClean.targets(76,5): warning : Access to the path 'c:\users\nazo_\desktop\concordia lesson\winter 2020\c++ review\review projects\complete project\visionx_player2o_offense\debug\program.exe' is denied.
     1>C:\Program Files (x86)\MSBuild\Microsoft.Cpp\v4.0\V120\Microsoft.CppClean.targets(76,5): warning : Access to the path 'c:\users\nazo_\desktop\concordia lesson\winter 2020\c++ review\review projects\complete project\visionx_player2o_offense\debug\program.exe' is denied.
     1>ClCompile:
         C:\Program Files (x86)\Microsoft Visual Studio 12.0\VC\bin\CL.exe /c /IC:\edit\image_transfer2_final_working\VC2012_atlmfc\VC\atlmfc\include /IC:\edit\image_transfer2_final_working\Windows_SDK7.1\Samples\multimedia\directshow\baseclasses /Zi /nologo /W3 /WX- /O2 /Ob2 /Oy /D WIN32 /D _DEBUG /D _CONSOLE /D CONSOLE_IO /D _VC80_UPGRADE=0x0600 /D _MBCS /GF /Gm- /EHsc /MTd /GS- /Gy /fp:precise /Zc:wchar_t /Zc:forScope /Fo".\Debug\\" /Fd".\Debug\vc120.pdb" /Gd /TP /analyze- /errorReport:prompt program.cpp robot.cpp shared_memory.cpp timer.cpp vision.cpp vision_simulation.cpp
         program.cpp
     1>program.cpp(305): warning C4244: 'argument' : conversion from 'double' to 'int', possible loss of data
     1>program.cpp(192): warning C4101: 'PW_RP' : unreferenced local variable
     1>program.cpp(49): warning C4101: 'pw_l_o' : unreferenced local variable
     1>program.cpp(49): warning C4101: 'laser_o' : unreferenced local variable
     1>program.cpp(194): warning C4101: 'jro' : unreferenced local variable
     1>program.cpp(187): warning C4101: 's' : unreferenced local variable
     1>program.cpp(49): warning C4101: 'pw_laser_o' : unreferenced local variable
     1>program.cpp(192): warning C4101: 'PW_LP' : unreferenced local variable
     1>program.cpp(194): warning C4101: 'iro' : unreferenced local variable
     1>program.cpp(49): warning C4101: 'pw_r_o' : unreferenced local variable
         robot.cpp
         shared_memory.cpp
         timer.cpp
         vision.cpp
         vision_simulation.cpp
     1>vision_simulation.cpp(270): warning C4101: 't_laser' : unreferenced local variable
     1>vision_simulation.cpp(270): warning C4101: 't_laser_o' : unreferenced local variable
     1>vision_simulation.cpp(698): warning C4244: '=' : conversion from 'double' to 'int', possible loss of data
     1>vision_simulation.cpp(699): warning C4244: '=' : conversion from 'double' to 'int', possible loss of data
     1>vision_simulation.cpp(700): warning C4244: '=' : conversion from 'double' to 'int', possible loss of data
     1>vision_simulation.cpp(514): warning C4101: 'k' : unreferenced local variable
         Generating Code...
       Link:
         C:\Program Files (x86)\Microsoft Visual Studio 12.0\VC\bin\link.exe /ERRORREPORT:PROMPT /OUT:".\Debug\program.exe" /INCREMENTAL /NOLOGO mfplat.lib mf.lib mfreadwrite.lib mfuuid.lib shlwapi.lib propsys.lib strmbasd.lib odbc32.lib odbccp32.lib msvcrtd.lib winmm.lib wsock32.lib kernel32.lib user32.lib gdi32.lib winspool.lib comdlg32.lib advapi32.lib shell32.lib ole32.lib oleaut32.lib uuid.lib odbc32.lib odbccp32.lib /NODEFAULTLIB:libcmtd /NODEFAULTLIB:libcd /MANIFEST /MANIFESTUAC:"level='asInvoker' uiAccess='false'" /manifest:embed /DEBUG /PDB:".\Debug\program.pdb" /SUBSYSTEM:CONSOLE /TLBID:1 /DYNAMICBASE /NXCOMPAT /IMPLIB:".\Debug\program.lib" /MACHINE:X86 /SAFESEH .\Debug\program.obj
         .\Debug\robot.obj
         .\Debug\shared_memory.obj
         .\Debug\timer.obj
         .\Debug\vision.obj
         .\Debug\vision_simulation.obj
         atlsnd.lib
         image_transfer5.lib
         strmbasd.lib
     1>image_transfer5.lib(image_transfer5.obj) : warning LNK4204: 'C:\Users\Nazo_\Desktop\CONCORDIA LESSON\WINTER 2020\C++ Review\Review Projects\COMPLETE PROJECT\VISIONX_player2o_offense\Debug\vc120.pdb' is missing debugging information for referencing module; linking object as if no debug info
     1>image_transfer5.lib(Video_IO.obj) : warning LNK4204: 'C:\Users\Nazo_\Desktop\CONCORDIA LESSON\WINTER 2020\C++ Review\Review Projects\COMPLETE PROJECT\VISIONX_player2o_offense\Debug\vc120.pdb' is missing debugging information for referencing module; linking object as if no debug info
         program.vcxproj -> C:\Users\Nazo_\Desktop\CONCORDIA LESSON\WINTER 2020\C++ Review\Review Projects\COMPLETE PROJECT\VISIONX_player2o_offense\.\Debug\program.exe
     1>Done Building Project "C:\Users\Nazo_\Desktop\CONCORDIA LESSON\WINTER 2020\C++ Review\Review Projects\COMPLETE PROJECT\VISIONX_player2o_offense\program.vcxproj" (Rebuild target(s)).

Build succeeded.

Time Elapsed 00:00:10.02
